<?xml version="1.0" encoding="utf-8"?><testsuites name="pytest tests"><testsuite name="pytest" errors="0" failures="1" skipped="0" tests="15" time="30.453" timestamp="2026-05-09T21:30:21.404505+00:00" hostname="agent-env-682955d6-3791-48f4-834d-c2c5012fd7f2"><testcase classname="backend.tests.test_iteration4" name="test_health_ok" time="0.321" /><testcase classname="backend.tests.test_iteration4" name="test_public_config_shape" time="0.143" /><testcase classname="backend.tests.test_iteration4" name="test_public_stats_shape_and_boost" time="0.154" /><testcase classname="backend.tests.test_iteration4" name="test_view_increment_on_real_slug" time="0.681" /><testcase classname="backend.tests.test_iteration4" name="test_view_nonexistent_returns_ok_false" time="0.200" /><testcase classname="backend.tests.test_iteration4" name="test_most_read_top_n" time="0.121"><failure message="AssertionError: expected 200, got 404 body={&quot;detail&quot;:&quot;Artículo no encontrado&quot;}&#10;assert 404 == 200&#10; +  where 404 = &lt;Response [404]&gt;.status_code">backend/tests/test_iteration4.py:88: in test_most_read_top_n
    assert r.status_code == 200, f"expected 200, got {r.status_code} body={r.text[:200]}"
E   AssertionError: expected 200, got 404 body={"detail":"Artículo no encontrado"}
E   assert 404 == 200
E    +  where 404 = &lt;Response [404]&gt;.status_code</failure></testcase><testcase classname="backend.tests.test_iteration4" name="test_feed_rss_valid" time="0.276" /><testcase classname="backend.tests.test_iteration4" name="test_automation_generate_no_key" time="0.139" /><testcase classname="backend.tests.test_iteration4" name="test_automation_generate_wrong_key" time="0.116" /><testcase classname="backend.tests.test_iteration4" name="test_automation_publish_no_key" time="0.135" /><testcase classname="backend.tests.test_iteration4" name="test_automation_publish_wrong_key" time="0.142" /><testcase classname="backend.tests.test_iteration4" name="test_automation_generate_with_correct_key_or_budget" time="26.119" /><testcase classname="backend.tests.test_iteration4" name="test_hero_singleton" time="1.122" /><testcase classname="backend.tests.test_iteration4" name="test_newsletter_subscribe_response_fast" time="0.139" /><testcase classname="backend.tests.test_iteration4" name="test_login_response_fast" time="0.425" /></testsuite></testsuites>