<?xml version="1.0" encoding="utf-8"?><testsuites name="pytest tests"><testsuite name="pytest" errors="0" failures="0" skipped="0" tests="14" time="13.079" timestamp="2026-05-18T18:54:24.601690+00:00" hostname="agent-env-682955d6-3791-48f4-834d-c2c5012fd7f2"><testcase classname="backend.tests.test_iteration11.TestEditorialActivity" name="test_activity_shape" time="6.553" /><testcase classname="backend.tests.test_iteration11.TestPostReading" name="test_post_reading_valid_slug" time="0.137" /><testcase classname="backend.tests.test_iteration11.TestPostReading" name="test_post_reading_404" time="0.232" /><testcase classname="backend.tests.test_iteration11.TestHighlightsAuth" name="test_get_highlights_unauth_401" time="0.269" /><testcase classname="backend.tests.test_iteration11.TestHighlightsCRUD" name="test_get_highlights_authed_returns_list" time="1.069" /><testcase classname="backend.tests.test_iteration11.TestHighlightsCRUD" name="test_post_highlight_color_uppercase_coerce" time="0.769" /><testcase classname="backend.tests.test_iteration11.TestHighlightsCRUD" name="test_post_highlight_invalid_color_coerced_to_yellow" time="0.529" /><testcase classname="backend.tests.test_iteration11.TestHighlightsCRUD" name="test_post_highlight_404_unknown_slug" time="0.310" /><testcase classname="backend.tests.test_iteration11.TestHighlightsCRUD" name="test_get_highlights_by_slug_filter" time="0.522" /><testcase classname="backend.tests.test_iteration11.TestHighlightsCRUD" name="test_patch_highlight_updates_note_and_color" time="0.631" /><testcase classname="backend.tests.test_iteration11.TestHighlightsCRUD" name="test_patch_highlight_404" time="0.319" /><testcase classname="backend.tests.test_iteration11.TestHighlightsCRUD" name="test_delete_highlight_ok_and_404" time="0.518" /><testcase classname="backend.tests.test_iteration11.TestRegression" name="test_make_post_article_still_works" time="0.295" /><testcase classname="backend.tests.test_iteration11.TestRegression" name="test_saved_sync_no_collision_with_trending_news_3" time="0.118" /></testsuite></testsuites>