<?xml version="1.0" encoding="utf-8"?><testsuites name="pytest tests"><testsuite name="pytest" errors="0" failures="0" skipped="0" tests="18" time="10.691" timestamp="2026-05-18T19:19:56.880507+00:00" hostname="agent-env-682955d6-3791-48f4-834d-c2c5012fd7f2"><testcase classname="backend.tests.test_iteration12" name="test_topic_includes_timeline[jeffrey-epstein]" time="5.977" /><testcase classname="backend.tests.test_iteration12" name="test_topic_includes_timeline[inteligencia-artificial]" time="0.121" /><testcase classname="backend.tests.test_iteration12" name="test_topic_includes_timeline[deepfakes]" time="0.108" /><testcase classname="backend.tests.test_iteration12" name="test_topic_includes_timeline[cbdc]" time="0.097" /><testcase classname="backend.tests.test_iteration12" name="test_topic_includes_timeline[salud-mental-redes]" time="0.132" /><testcase classname="backend.tests.test_iteration12" name="test_epstein_timeline_has_five" time="0.112" /><testcase classname="backend.tests.test_iteration12" name="test_make_post_with_new_editorial_blocks" time="0.239" /><testcase classname="backend.tests.test_iteration12" name="test_make_post_coerces_alt_keys_narrative" time="0.301" /><testcase classname="backend.tests.test_iteration12" name="test_make_post_coerces_string_what_internet_believes" time="0.291" /><testcase classname="backend.tests.test_iteration12" name="test_dedup_409_and_webhook_log" time="0.308" /><testcase classname="backend.tests.test_iteration12" name="test_admin_webhook_logs_requires_auth" time="0.098" /><testcase classname="backend.tests.test_iteration12" name="test_admin_webhook_logs_lists_duplicates" time="1.192" /><testcase classname="backend.tests.test_iteration12" name="test_regression_editorial_activity" time="0.103" /><testcase classname="backend.tests.test_iteration12" name="test_regression_post_reading" time="0.098" /><testcase classname="backend.tests.test_iteration12" name="test_regression_me_saved_sync_unauth" time="0.110" /><testcase classname="backend.tests.test_iteration12" name="test_regression_me_highlights_unauth" time="0.107" /><testcase classname="backend.tests.test_iteration12" name="test_admin_put_article_accepts_new_fields" time="0.375" /><testcase classname="backend.tests.test_iteration12" name="test_admin_manual_create_accepts_new_fields" time="0.261" /></testsuite></testsuites>