<?xml version="1.0" encoding="utf-8"?><testsuites name="pytest tests"><testsuite name="pytest" errors="0" failures="0" skipped="0" tests="17" time="7.165" timestamp="2026-05-11T10:26:51.792342+00:00" hostname="agent-env-682955d6-3791-48f4-834d-c2c5012fd7f2"><testcase classname="backend.tests.test_iteration5" name="test_health_ok" time="0.786" /><testcase classname="backend.tests.test_iteration5" name="test_make_create_no_key" time="0.150" /><testcase classname="backend.tests.test_iteration5" name="test_make_create_wrong_key" time="0.208" /><testcase classname="backend.tests.test_iteration5" name="test_make_create_with_correct_key" time="0.290" /><testcase classname="backend.tests.test_iteration5" name="test_make_create_sanitizes_script" time="0.329" /><testcase classname="backend.tests.test_iteration5" name="test_article_like_unlike" time="0.754" /><testcase classname="backend.tests.test_iteration5" name="test_article_unlike_floor_zero" time="0.396" /><testcase classname="backend.tests.test_iteration5" name="test_feed_trending" time="0.204" /><testcase classname="backend.tests.test_iteration5" name="test_feed_controversial" time="0.141" /><testcase classname="backend.tests.test_iteration5" name="test_feed_most_commented" time="0.119" /><testcase classname="backend.tests.test_iteration5" name="test_comment_create_increments_count" time="1.177" /><testcase classname="backend.tests.test_iteration5" name="test_comment_like" time="0.222" /><testcase classname="backend.tests.test_iteration5" name="test_comment_report_autohide_at_5" time="0.958" /><testcase classname="backend.tests.test_iteration5" name="test_admin_reported_only_reports_gt_0" time="0.281" /><testcase classname="backend.tests.test_iteration5" name="test_admin_reported_requires_auth" time="0.138" /><testcase classname="backend.tests.test_iteration5" name="test_sitemap_xml" time="0.140" /><testcase classname="backend.tests.test_iteration5" name="test_feeds_not_shadowed" time="0.398" /></testsuite></testsuites>