<?xml version="1.0" encoding="utf-8"?><testsuites name="pytest tests"><testsuite name="pytest" errors="0" failures="0" skipped="0" tests="21" time="7.144" timestamp="2026-05-18T20:02:01.722323+00:00" hostname="agent-env-682955d6-3791-48f4-834d-c2c5012fd7f2"><testcase classname="backend.tests.test_iteration13_i18n" name="test_health_ok" time="4.068" /><testcase classname="backend.tests.test_iteration13_i18n.TestArticleTranslation" name="test_article_no_lang_returns_spanish" time="0.232" /><testcase classname="backend.tests.test_iteration13_i18n.TestArticleTranslation" name="test_article_lang_es_explicit_returns_spanish" time="0.109" /><testcase classname="backend.tests.test_iteration13_i18n.TestArticleTranslation" name="test_article_invalid_lang_fallbacks_to_spanish" time="0.101" /><testcase classname="backend.tests.test_iteration13_i18n.TestArticleTranslation" name="test_article_lang_en_translates_and_caches" time="0.201" /><testcase classname="backend.tests.test_iteration13_i18n.TestArticleTranslation" name="test_article_lang_fr" time="0.105" /><testcase classname="backend.tests.test_iteration13_i18n.TestArticleTranslation" name="test_article_not_found_returns_404" time="0.103" /><testcase classname="backend.tests.test_iteration13_i18n.TestListingsWithLang" name="test_articles_list_with_lang_en_returns_200" time="0.128" /><testcase classname="backend.tests.test_iteration13_i18n.TestListingsWithLang" name="test_featured_with_lang_fr" time="0.122" /><testcase classname="backend.tests.test_iteration13_i18n.TestListingsWithLang" name="test_most_read_with_lang_nl" time="0.106" /><testcase classname="backend.tests.test_iteration13_i18n.TestUIStrings" name="test_translate_strings_fr_first_call" time="0.109" /><testcase classname="backend.tests.test_iteration13_i18n.TestUIStrings" name="test_translate_strings_cache_hit" time="0.245" /><testcase classname="backend.tests.test_iteration13_i18n.TestUIStrings" name="test_translate_strings_invalid_lang_returns_input" time="0.096" /><testcase classname="backend.tests.test_iteration13_i18n.TestUIStrings" name="test_translate_strings_empty_body" time="0.106" /><testcase classname="backend.tests.test_iteration13_i18n.TestUIStrings" name="test_translate_strings_empty_strings_list" time="0.101" /><testcase classname="backend.tests.test_iteration13_i18n.TestRegression" name="test_make_com_post_article_still_ok" time="0.108" /><testcase classname="backend.tests.test_iteration13_i18n.TestRegression" name="test_editorial_activity_endpoint" time="0.109" /><testcase classname="backend.tests.test_iteration13_i18n.TestRegression" name="test_me_saved_sync_no_auth_returns_401_or_200_with_empty" time="0.102" /><testcase classname="backend.tests.test_iteration13_i18n.TestRegression" name="test_me_highlights_no_auth" time="0.114" /><testcase classname="backend.tests.test_iteration13_i18n.TestRegression" name="test_post_reading_returns_suggestions" time="0.112" /><testcase classname="backend.tests.test_iteration13_i18n.TestAdminLangExclusion" name="test_admin_endpoint_responds_without_lang_dependency" time="0.115" /></testsuite></testsuites>