<?xml version="1.0" encoding="utf-8"?><testsuites name="pytest tests"><testsuite name="pytest" errors="0" failures="0" skipped="0" tests="11" time="7.017" timestamp="2026-05-18T18:24:07.619306+00:00" hostname="agent-env-682955d6-3791-48f4-834d-c2c5012fd7f2"><testcase classname="backend.tests.test_iteration10" name="test_make_regression_old_fields_only" time="1.816" /><testcase classname="backend.tests.test_iteration10" name="test_make_with_all_new_transparency_fields" time="0.416" /><testcase classname="backend.tests.test_iteration10" name="test_make_with_null_and_string_coercion" time="0.455" /><testcase classname="backend.tests.test_iteration10" name="test_make_rvv_variant_keys" time="0.446" /><testcase classname="backend.tests.test_iteration10" name="test_admin_manual_with_transparency" time="0.868" /><testcase classname="backend.tests.test_iteration10" name="test_admin_update_with_transparency" time="0.412" /><testcase classname="backend.tests.test_iteration10" name="test_me_saved_unauth_returns_401" time="0.177" /><testcase classname="backend.tests.test_iteration10" name="test_me_saved_full_flow" time="1.099" /><testcase classname="backend.tests.test_iteration10" name="test_me_saved_sync_merges" time="0.647" /><testcase classname="backend.tests.test_iteration10" name="test_me_saved_sync_empty_body" time="0.091" /><testcase classname="backend.tests.test_iteration10" name="test_me_saved_sync_route_does_not_collide" time="0.093" /></testsuite></testsuites>