<?xml version="1.0" encoding="utf-8"?><testsuites name="pytest tests"><testsuite name="pytest" errors="0" failures="0" skipped="0" tests="11" time="5.544" timestamp="2026-05-18T20:41:42.874231+00:00" hostname="agent-env-682955d6-3791-48f4-834d-c2c5012fd7f2"><testcase classname="backend.tests.test_iteration15_dashboard" name="test_health" time="2.181" /><testcase classname="backend.tests.test_iteration15_dashboard" name="test_login_sets_cookies" time="0.523" /><testcase classname="backend.tests.test_iteration15_dashboard" name="test_dashboard_anon_401" time="0.059" /><testcase classname="backend.tests.test_iteration15_dashboard" name="test_dashboard_authenticated_shape" time="0.064" /><testcase classname="backend.tests.test_iteration15_dashboard" name="test_delete_history" time="0.132" /><testcase classname="backend.tests.test_iteration15_dashboard" name="test_view_anonymous_increments" time="0.253" /><testcase classname="backend.tests.test_iteration15_dashboard" name="test_view_authenticated_records_and_dedupes" time="1.261" /><testcase classname="backend.tests.test_iteration15_dashboard" name="test_view_invalid_slug" time="0.084" /><testcase classname="backend.tests.test_iteration15_dashboard" name="test_emotional_state_shape" time="0.102" /><testcase classname="backend.tests.test_iteration15_dashboard" name="test_dashboard_emotions_mapping" time="0.281" /><testcase classname="backend.tests.test_iteration15_dashboard" name="test_translate_strings_regression" time="0.057" /></testsuite></testsuites>