<?xml version="1.0" encoding="utf-8"?><testsuites name="pytest tests"><testsuite name="pytest" errors="0" failures="0" skipped="0" tests="18" time="9.238" timestamp="2026-05-18T16:58:25.561307+00:00" hostname="agent-env-682955d6-3791-48f4-834d-c2c5012fd7f2"><testcase classname="backend.tests.test_iteration9" name="test_health_db_true" time="3.263" /><testcase classname="backend.tests.test_iteration9" name="test_sitemap_index_xml" time="0.196" /><testcase classname="backend.tests.test_iteration9" name="test_sub_sitemaps_xml[/api/sitemap-articles.xml]" time="0.218" /><testcase classname="backend.tests.test_iteration9" name="test_sub_sitemaps_xml[/api/sitemap-categories.xml]" time="0.217" /><testcase classname="backend.tests.test_iteration9" name="test_sub_sitemaps_xml[/api/sitemap-tags.xml]" time="0.254" /><testcase classname="backend.tests.test_iteration9" name="test_sub_sitemaps_xml[/api/sitemap-topics.xml]" time="0.205" /><testcase classname="backend.tests.test_iteration9" name="test_topics_list" time="0.217" /><testcase classname="backend.tests.test_iteration9" name="test_topic_detail_ok" time="0.200" /><testcase classname="backend.tests.test_iteration9" name="test_topic_not_found" time="0.223" /><testcase classname="backend.tests.test_iteration9" name="test_admin_manual_create_full" time="1.160" /><testcase classname="backend.tests.test_iteration9" name="test_admin_manual_body_as_string_coerce" time="0.198" /><testcase classname="backend.tests.test_iteration9" name="test_admin_manual_unauth" time="0.184" /><testcase classname="backend.tests.test_iteration9" name="test_admin_manual_missing_body" time="0.105" /><testcase classname="backend.tests.test_iteration9" name="test_admin_delete_user_self_forbidden" time="0.223" /><testcase classname="backend.tests.test_iteration9" name="test_admin_delete_subscriber_flow" time="0.755" /><testcase classname="backend.tests.test_iteration9" name="test_make_regression_pydantic_validators" time="0.247" /><testcase classname="backend.tests.test_iteration9" name="test_articles_by_slugs_regression" time="0.555" /><testcase classname="backend.tests.test_iteration9" name="test_article_update_new_fields" time="0.472" /></testsuite></testsuites>