<?xml version="1.0" encoding="utf-8"?><testsuites name="pytest tests"><testsuite name="pytest" errors="0" failures="0" skipped="0" tests="18" time="5.746" timestamp="2026-05-09T11:52:16.556703+00:00" hostname="agent-env-682955d6-3791-48f4-834d-c2c5012fd7f2"><testcase classname="backend.tests.backend_test" name="test_health" time="0.254" /><testcase classname="backend.tests.backend_test" name="test_articles_list" time="0.156" /><testcase classname="backend.tests.backend_test" name="test_articles_featured_shape" time="0.139" /><testcase classname="backend.tests.backend_test" name="test_articles_filter_category" time="0.166" /><testcase classname="backend.tests.backend_test" name="test_articles_trending" time="0.154" /><testcase classname="backend.tests.backend_test" name="test_articles_search" time="0.134" /><testcase classname="backend.tests.backend_test" name="test_article_by_slug" time="0.142" /><testcase classname="backend.tests.backend_test" name="test_article_404" time="0.190" /><testcase classname="backend.tests.backend_test" name="test_categories" time="0.131" /><testcase classname="backend.tests.backend_test" name="test_login_admin" time="0.489" /><testcase classname="backend.tests.backend_test" name="test_login_bad_password" time="0.449" /><testcase classname="backend.tests.backend_test" name="test_me_no_cookie" time="0.133" /><testcase classname="backend.tests.backend_test" name="test_me_with_cookie" time="0.476" /><testcase classname="backend.tests.backend_test" name="test_register_and_logout" time="0.564" /><testcase classname="backend.tests.backend_test" name="test_logout_requires_auth" time="0.134" /><testcase classname="backend.tests.backend_test" name="test_newsletter_subscribe_flow" time="0.208" /><testcase classname="backend.tests.backend_test" name="test_newsletter_invalid_email" time="0.146" /><testcase classname="backend.tests.backend_test" name="test_newsletter_list_auth" time="1.206" /></testsuite></testsuites>