<?xml version="1.0" encoding="utf-8"?><testsuites name="pytest tests"><testsuite name="pytest" errors="0" failures="2" skipped="0" tests="16" time="6.127" timestamp="2026-05-09T13:27:45.788958+00:00" hostname="agent-env-682955d6-3791-48f4-834d-c2c5012fd7f2"><testcase classname="backend.tests.test_iteration2" name="test_articles_filter_tag_ia" time="0.218" /><testcase classname="backend.tests.test_iteration2" name="test_articles_filter_tag_tecnologia" time="0.145" /><testcase classname="backend.tests.test_iteration2" name="test_articles_search_matches_tags" time="0.159" /><testcase classname="backend.tests.test_iteration2" name="test_tags_endpoint" time="0.127" /><testcase classname="backend.tests.test_iteration2" name="test_related_articles_ok" time="0.157" /><testcase classname="backend.tests.test_iteration2" name="test_related_articles_404" time="0.144" /><testcase classname="backend.tests.test_iteration2" name="test_comments_empty_initially" time="0.162" /><testcase classname="backend.tests.test_iteration2" name="test_comment_post_requires_auth" time="0.151" /><testcase classname="backend.tests.test_iteration2" name="test_comment_post_admin_then_in_list" time="0.708" /><testcase classname="backend.tests.test_iteration2" name="test_comment_post_short_body_422" time="0.482" /><testcase classname="backend.tests.test_iteration2" name="test_comment_post_invalid_slug_404" time="0.484" /><testcase classname="backend.tests.test_iteration2" name="test_comment_delete_admin_can_delete_any" time="1.081" /><testcase classname="backend.tests.test_iteration2" name="test_comment_delete_other_user_403" time="1.054" /><testcase classname="backend.tests.test_iteration2" name="test_comment_delete_owner_can_delete" time="0.585" /><testcase classname="backend.tests.test_iteration2" name="test_sitemap_xml" time="0.123"><failure message="AssertionError: assert 'application/xml' in 'text/html; charset=utf-8'&#10; +  where 'text/html; charset=utf-8' = &lt;built-in method lower of str object at 0x7f8efec223d0&gt;()&#10; +    where &lt;built-in method lower of str object at 0x7f8efec223d0&gt; = 'text/html; charset=utf-8'.lower&#10; +      where 'text/html; charset=utf-8' = get('content-type', '')&#10; +        where get = {'Date': 'Sat, 09 May 2026 13:27:51 GMT', 'Content-Type': 'text/html; charset=utf-8', 'Transfer-Encoding': 'chunked', 'Connection': 'keep-alive', 'CF-Ray': '9f910b445f97cd87-ORD', 'CF-Cache-Status': 'DYNAMIC', 'Access-Control-Allow-Origin': '*', 'Cache-Control': 'no-store, no-cache, must-revalidate', 'Server': 'cloudflare', 'Vary': 'Accept-Encoding', 'Via': '1.1 google', 'Access-Control-Max-Age': '300', 'access-control-allow-headers': '*', 'access-control-allow-methods': 'GET, POST, PUT, DELETE, OPTIONS, HEAD, PATCH', 'x-powered-by': 'Express', 'set-cookie': '__cf_bm=864hoQGDyvgMczmfzyLaPwflQ4Lr.BdLYMEvE1EmFws-1778333271.73072-1.0.1.1-IvQf.EkG9Y8.odmergjT56wJWhHTDs7qbC89WIRt3hfqbNbISOFMGd54MCldM4Ixd1z591FgEHWcnjiuXshCcADpfkepOOoeliLE0v96qIy8X6T9hjAooSqkaStGxU_F; HttpOnly; Secure; Path=/; Domain=preview.emergentagent.com; Expires=Sat, 09 May 2026 13:57:51 GMT', 'X-Robots-Tag': 'noindex, nofollow', 'Content-Encoding': 'gzip'}.get&#10; +          where {'Date': 'Sat, 09 May 2026 13:27:51 GMT', 'Content-Type': 'text/html; charset=utf-8', 'Transfer-Encoding': 'chunked', 'Connection': 'keep-alive', 'CF-Ray': '9f910b445f97cd87-ORD', 'CF-Cache-Status': 'DYNAMIC', 'Access-Control-Allow-Origin': '*', 'Cache-Control': 'no-store, no-cache, must-revalidate', 'Server': 'cloudflare', 'Vary': 'Accept-Encoding', 'Via': '1.1 google', 'Access-Control-Max-Age': '300', 'access-control-allow-headers': '*', 'access-control-allow-methods': 'GET, POST, PUT, DELETE, OPTIONS, HEAD, PATCH', 'x-powered-by': 'Express', 'set-cookie': '__cf_bm=864hoQGDyvgMczmfzyLaPwflQ4Lr.BdLYMEvE1EmFws-1778333271.73072-1.0.1.1-IvQf.EkG9Y8.odmergjT56wJWhHTDs7qbC89WIRt3hfqbNbISOFMGd54MCldM4Ixd1z591FgEHWcnjiuXshCcADpfkepOOoeliLE0v96qIy8X6T9hjAooSqkaStGxU_F; HttpOnly; Secure; Path=/; Domain=preview.emergentagent.com; Expires=Sat, 09 May 2026 13:57:51 GMT', 'X-Robots-Tag': 'noindex, nofollow', 'Content-Encoding': 'gzip'} = &lt;Response [200]&gt;.headers">E   AssertionError: assert 'application/xml' in 'text/html; charset=utf-8'
     +  where 'text/html; charset=utf-8' = &lt;built-in method lower of str object at 0x7f8efec223d0&gt;()
     +    where &lt;built-in method lower of str object at 0x7f8efec223d0&gt; = 'text/html; charset=utf-8'.lower
     +      where 'text/html; charset=utf-8' = get('content-type', '')
     +        where get = {'Date': 'Sat, 09 May 2026 13:27:51 GMT', 'Content-Type': 'text/html; charset=utf-8', 'Transfer-Encoding': 'chunked', 'Connection': 'keep-alive', 'CF-Ray': '9f910b445f97cd87-ORD', 'CF-Cache-Status': 'DYNAMIC', 'Access-Control-Allow-Origin': '*', 'Cache-Control': 'no-store, no-cache, must-revalidate', 'Server': 'cloudflare', 'Vary': 'Accept-Encoding', 'Via': '1.1 google', 'Access-Control-Max-Age': '300', 'access-control-allow-headers': '*', 'access-control-allow-methods': 'GET, POST, PUT, DELETE, OPTIONS, HEAD, PATCH', 'x-powered-by': 'Express', 'set-cookie': '__cf_bm=864hoQGDyvgMczmfzyLaPwflQ4Lr.BdLYMEvE1EmFws-1778333271.73072-1.0.1.1-IvQf.EkG9Y8.odmergjT56wJWhHTDs7qbC89WIRt3hfqbNbISOFMGd54MCldM4Ixd1z591FgEHWcnjiuXshCcADpfkepOOoeliLE0v96qIy8X6T9hjAooSqkaStGxU_F; HttpOnly; Secure; Path=/; Domain=preview.emergentagent.com; Expires=Sat, 09 May 2026 13:57:51 GMT', 'X-Robots-Tag': 'noindex, nofollow', 'Content-Encoding': 'gzip'}.get
     +          where {'Date': 'Sat, 09 May 2026 13:27:51 GMT', 'Content-Type': 'text/html; charset=utf-8', 'Transfer-Encoding': 'chunked', 'Connection': 'keep-alive', 'CF-Ray': '9f910b445f97cd87-ORD', 'CF-Cache-Status': 'DYNAMIC', 'Access-Control-Allow-Origin': '*', 'Cache-Control': 'no-store, no-cache, must-revalidate', 'Server': 'cloudflare', 'Vary': 'Accept-Encoding', 'Via': '1.1 google', 'Access-Control-Max-Age': '300', 'access-control-allow-headers': '*', 'access-control-allow-methods': 'GET, POST, PUT, DELETE, OPTIONS, HEAD, PATCH', 'x-powered-by': 'Express', 'set-cookie': '__cf_bm=864hoQGDyvgMczmfzyLaPwflQ4Lr.BdLYMEvE1EmFws-1778333271.73072-1.0.1.1-IvQf.EkG9Y8.odmergjT56wJWhHTDs7qbC89WIRt3hfqbNbISOFMGd54MCldM4Ixd1z591FgEHWcnjiuXshCcADpfkepOOoeliLE0v96qIy8X6T9hjAooSqkaStGxU_F; HttpOnly; Secure; Path=/; Domain=preview.emergentagent.com; Expires=Sat, 09 May 2026 13:57:51 GMT', 'X-Robots-Tag': 'noindex, nofollow', 'Content-Encoding': 'gzip'} = &lt;Response [200]&gt;.headers</failure></testcase><testcase classname="backend.tests.test_iteration2" name="test_robots_txt" time="0.128"><failure message="assert 'Sitemap:' in '# As a condition of accessing this website, you agree to abide by the following\n# content signals:\n\n# (a)  If a Content-Signal = yes, you may collect content for the corresponding\n#      use.\n# (b)  If a Content-Signal = no, you may not collect content for the\n#      corresponding use.\n# (c)  If the website operator does not include a Content-Signal for a\n#      corresponding use, the website operator neither grants nor restricts\n#      permission via Content-Signal with respect to the corresponding use.\n\n# The content signals and their meanings are:\n\n# search:   building a search index and providing search results (e.g., returning\n#           hyperlinks and short excerpts from your website\'s contents). Search does not\n#           include providing AI-generated search summaries.\n# ai-input: inputting content into one or more AI models (e.g., retrieval\n#           augmented generation, grounding, or other real-time taking of content for\n#           generative AI search answers).\n# ai-train: training or fine-tuning AI models.\n\n# ANY RESTRICTIONS EXPRESSED VIA CONTENT SIGNALS ARE EXPRESS RESERVATIONS OF\n# RIGHTS UNDER ARTICLE 4 OF THE EUROPEAN UNION DIRECTIVE...ing sessionRecordingStarted captureException loadToolbar get_property getSessionProperty Es $s createPersonProfile Is opt_in_capturing opt_out_capturing has_opted_in_capturing has_opted_out_capturing clear_opt_in_out_capturing Ss debug xs getPageViewId captureTraceFeedback captureTraceMetric&quot;.split(\n                                        &quot; &quot;,\n                                    ),\n                                n = 0;\n                            n &lt; o.length;\n                            n++\n                        )\n                            g(u, o[n]);\n                        e._i.push([i, s, a]);\n                    }),\n                    (e.__SV = 1));\n            })(document, window.posthog || []);\n            posthog.init(&quot;phc_xAvL2Iq4tFmANRE7kzbKwaSqp1HJjN7x48s3vr0CMjs&quot;, {\n                api_host: &quot;https://us.i.posthog.com&quot;,\n                person_profiles: &quot;identified_only&quot;, // or \'always\' to create profiles for anonymous users as well,\n                session_recording: {\n                    recordCrossOriginIframes: true,\n                    capturePerformance: false,\n                },\n            });\n        &lt;/script&gt;\n    &lt;/body&gt;\n&lt;/html&gt;\n'&#10; +  where '# As a condition of accessing this website, you agree to abide by the following\n# content signals:\n\n# (a)  If a Content-Signal = yes, you may collect content for the corresponding\n#      use.\n# (b)  If a Content-Signal = no, you may not collect content for the\n#      corresponding use.\n# (c)  If the website operator does not include a Content-Signal for a\n#      corresponding use, the website operator neither grants nor restricts\n#      permission via Content-Signal with respect to the corresponding use.\n\n# The content signals and their meanings are:\n\n# search:   building a search index and providing search results (e.g., returning\n#           hyperlinks and short excerpts from your website\'s contents). Search does not\n#           include providing AI-generated search summaries.\n# ai-input: inputting content into one or more AI models (e.g., retrieval\n#           augmented generation, grounding, or other real-time taking of content for\n#           generative AI search answers).\n# ai-train: training or fine-tuning AI models.\n\n# ANY RESTRICTIONS EXPRESSED VIA CONTENT SIGNALS ARE EXPRESS RESERVATIONS OF\n# RIGHTS UNDER ARTICLE 4 OF THE EUROPEAN UNION DIRECTIVE...ing sessionRecordingStarted captureException loadToolbar get_property getSessionProperty Es $s createPersonProfile Is opt_in_capturing opt_out_capturing has_opted_in_capturing has_opted_out_capturing clear_opt_in_out_capturing Ss debug xs getPageViewId captureTraceFeedback captureTraceMetric&quot;.split(\n                                        &quot; &quot;,\n                                    ),\n                                n = 0;\n                            n &lt; o.length;\n                            n++\n                        )\n                            g(u, o[n]);\n                        e._i.push([i, s, a]);\n                    }),\n                    (e.__SV = 1));\n            })(document, window.posthog || []);\n            posthog.init(&quot;phc_xAvL2Iq4tFmANRE7kzbKwaSqp1HJjN7x48s3vr0CMjs&quot;, {\n                api_host: &quot;https://us.i.posthog.com&quot;,\n                person_profiles: &quot;identified_only&quot;, // or \'always\' to create profiles for anonymous users as well,\n                session_recording: {\n                    recordCrossOriginIframes: true,\n                    capturePerformance: false,\n                },\n            });\n        &lt;/script&gt;\n    &lt;/body&gt;\n&lt;/html&gt;\n' = &lt;Response [200]&gt;.text">E   assert 'Sitemap:' in '# As a condition of accessing this website, you agree to abide by the following\n# content signals:\n\n# (a)  If a Content-Signal = yes, you may collect content for the corresponding\n#      use.\n# (b)  If a Content-Signal = no, you may not collect content for the\n#      corresponding use.\n# (c)  If the website operator does not include a Content-Signal for a\n#      corresponding use, the website operator neither grants nor restricts\n#      permission via Content-Signal with respect to the corresponding use.\n\n# The content signals and their meanings are:\n\n# search:   building a search index and providing search results (e.g., returning\n#           hyperlinks and short excerpts from your website\'s contents). Search does not\n#           include providing AI-generated search summaries.\n# ai-input: inputting content into one or more AI models (e.g., retrieval\n#           augmented generation, grounding, or other real-time taking of content for\n#           generative AI search answers).\n# ai-train: training or fine-tuning AI models.\n\n# ANY RESTRICTIONS EXPRESSED VIA CONTENT SIGNALS ARE EXPRESS RESERVATIONS OF\n# RIGHTS UNDER ARTICLE 4 OF THE EUROPEAN UNION DIRECTIVE...ing sessionRecordingStarted captureException loadToolbar get_property getSessionProperty Es $s createPersonProfile Is opt_in_capturing opt_out_capturing has_opted_in_capturing has_opted_out_capturing clear_opt_in_out_capturing Ss debug xs getPageViewId captureTraceFeedback captureTraceMetric".split(\n                                        " ",\n                                    ),\n                                n = 0;\n                            n &lt; o.length;\n                            n++\n                        )\n                            g(u, o[n]);\n                        e._i.push([i, s, a]);\n                    }),\n                    (e.__SV = 1));\n            })(document, window.posthog || []);\n            posthog.init("phc_xAvL2Iq4tFmANRE7kzbKwaSqp1HJjN7x48s3vr0CMjs", {\n                api_host: "https://us.i.posthog.com",\n                person_profiles: "identified_only", // or \'always\' to create profiles for anonymous users as well,\n                session_recording: {\n                    recordCrossOriginIframes: true,\n                    capturePerformance: false,\n                },\n            });\n        &lt;/script&gt;\n    &lt;/body&gt;\n&lt;/html&gt;\n'
     +  where '# As a condition of accessing this website, you agree to abide by the following\n# content signals:\n\n# (a)  If a Content-Signal = yes, you may collect content for the corresponding\n#      use.\n# (b)  If a Content-Signal = no, you may not collect content for the\n#      corresponding use.\n# (c)  If the website operator does not include a Content-Signal for a\n#      corresponding use, the website operator neither grants nor restricts\n#      permission via Content-Signal with respect to the corresponding use.\n\n# The content signals and their meanings are:\n\n# search:   building a search index and providing search results (e.g., returning\n#           hyperlinks and short excerpts from your website\'s contents). Search does not\n#           include providing AI-generated search summaries.\n# ai-input: inputting content into one or more AI models (e.g., retrieval\n#           augmented generation, grounding, or other real-time taking of content for\n#           generative AI search answers).\n# ai-train: training or fine-tuning AI models.\n\n# ANY RESTRICTIONS EXPRESSED VIA CONTENT SIGNALS ARE EXPRESS RESERVATIONS OF\n# RIGHTS UNDER ARTICLE 4 OF THE EUROPEAN UNION DIRECTIVE...ing sessionRecordingStarted captureException loadToolbar get_property getSessionProperty Es $s createPersonProfile Is opt_in_capturing opt_out_capturing has_opted_in_capturing has_opted_out_capturing clear_opt_in_out_capturing Ss debug xs getPageViewId captureTraceFeedback captureTraceMetric".split(\n                                        " ",\n                                    ),\n                                n = 0;\n                            n &lt; o.length;\n                            n++\n                        )\n                            g(u, o[n]);\n                        e._i.push([i, s, a]);\n                    }),\n                    (e.__SV = 1));\n            })(document, window.posthog || []);\n            posthog.init("phc_xAvL2Iq4tFmANRE7kzbKwaSqp1HJjN7x48s3vr0CMjs", {\n                api_host: "https://us.i.posthog.com",\n                person_profiles: "identified_only", // or \'always\' to create profiles for anonymous users as well,\n                session_recording: {\n                    recordCrossOriginIframes: true,\n                    capturePerformance: false,\n                },\n            });\n        &lt;/script&gt;\n    &lt;/body&gt;\n&lt;/html&gt;\n' = &lt;Response [200]&gt;.text</failure></testcase></testsuite></testsuites>